<?xml version="1.0" encoding="UTF-8"?>
<!-- Generated by org.testng.reporters.JUnitReportReporter -->
<testsuite hostname="NHCLPT520" failures="0" tests="28" name="org.runner.Runner" time="558.607" errors="0" timestamp="04 May 2023 12:17:42 GMT" skipped="0">
  <testcase classname="org.runner.Runner" name="runScenario" time="12.239"/>
  <testcase classname="org.runner.Runner" name="runScenario" time="8.255"/>
  <testcase classname="org.runner.Runner" name="runScenario" time="60.642"/>
  <testcase classname="org.runner.Runner" name="runScenario" time="29.591"/>
  <testcase classname="org.runner.Runner" name="runScenario" time="12.256"/>
  <testcase classname="org.runner.Runner" name="runScenario" time="119.712"/>
  <testcase classname="org.runner.Runner" name="runScenario" time="6.752"/>
  <testcase classname="org.runner.Runner" name="runScenario" time="8.272"/>
  <testcase classname="org.runner.Runner" name="runScenario" time="30.012"/>
  <testcase classname="org.runner.Runner" name="runScenario" time="53.550"/>
  <testcase classname="org.runner.Runner" name="runScenario" time="12.301"/>
  <testcase classname="org.runner.Runner" name="runScenario" time="2.271"/>
  <testcase classname="org.runner.Runner" name="runScenario" time="29.636"/>
  <testcase classname="org.runner.Runner" name="runScenario" time="8.292"/>
  <testcase classname="org.runner.Runner" name="runScenario" time="8.275"/>
  <testcase classname="org.runner.Runner" name="runScenario" time="2.803"/>
  <testcase classname="org.runner.Runner" name="runScenario" time="12.263"/>
  <testcase classname="org.runner.Runner" name="runScenario" time="12.283"/>
  <testcase classname="org.runner.Runner" name="runScenario" time="12.262"/>
  <testcase classname="org.runner.Runner" name="runScenario" time="8.266"/>
  <testcase classname="org.runner.Runner" name="runScenario" time="3.830"/>
  <testcase classname="org.runner.Runner" name="runScenario" time="12.245"/>
  <testcase classname="org.runner.Runner" name="runScenario" time="10.222"/>
  <testcase classname="org.runner.Runner" name="runScenario" time="8.285"/>
  <testcase classname="org.runner.Runner" name="runScenario" time="57.090"/>
  <testcase classname="org.runner.Runner" name="runScenario" time="4.260"/>
  <testcase classname="org.runner.Runner" name="runScenario" time="4.433"/>
  <testcase classname="org.runner.Runner" name="runScenario" time="8.309"/>
</testsuite> <!-- org.runner.Runner -->
