<?xml version="1.0" encoding="UTF-8"?>
<!-- Generated by org.testng.reporters.JUnitReportReporter -->
<testsuite hostname="NHCLPT520" failures="0" tests="1" name="org.runner.Runner" time="385.760" errors="0" timestamp="15 Jun 2023 08:30:58 GMT" skipped="0">
  <testcase classname="org.runner.Runner" name="runScenario" time="385.760"/>
</testsuite> <!-- org.runner.Runner -->
