<?xml version="1.0" encoding="UTF-8"?>
<!-- Generated by org.testng.reporters.JUnitReportReporter -->
<testsuite hostname="NHCLPT520" failures="0" tests="1" name="org.runner.Runner" time="389.446" errors="0" timestamp="19 May 2023 05:03:55 GMT" skipped="0">
  <testcase classname="org.runner.Runner" name="runScenario" time="389.446"/>
</testsuite> <!-- org.runner.Runner -->
