<?xml version="1.0" encoding="UTF-8"?>
<!-- Generated by org.testng.reporters.JUnitReportReporter -->
<testsuite hostname="NHCLPT520" failures="0" tests="8" name="org.runner.Runner" time="347.905" errors="0" timestamp="10 Jul 2023 12:05:21 GMT" skipped="0">
  <testcase classname="org.runner.Runner" name="runScenario" time="44.195"/>
  <testcase classname="org.runner.Runner" name="runScenario" time="177.361"/>
  <testcase classname="org.runner.Runner" name="runScenario" time="6.254"/>
  <testcase classname="org.runner.Runner" name="runScenario" time="4.753"/>
  <testcase classname="org.runner.Runner" name="runScenario" time="31.614"/>
  <testcase classname="org.runner.Runner" name="runScenario" time="42.407"/>
  <testcase classname="org.runner.Runner" name="runScenario" time="11.284"/>
  <testcase classname="org.runner.Runner" name="runScenario" time="30.037"/>
</testsuite> <!-- org.runner.Runner -->
