<?xml version="1.0" encoding="UTF-8"?>
<!-- Generated by org.testng.reporters.JUnitReportReporter -->
<testsuite hostname="NHCLPT520" failures="0" tests="9" name="org.runner.Runner" time="266.166" errors="0" timestamp="18 May 2023 14:01:28 GMT" skipped="0">
  <testcase classname="org.runner.Runner" name="runScenario" time="77.647"/>
  <testcase classname="org.runner.Runner" name="runScenario" time="20.672"/>
  <testcase classname="org.runner.Runner" name="runScenario" time="9.505"/>
  <testcase classname="org.runner.Runner" name="runScenario" time="50.958"/>
  <testcase classname="org.runner.Runner" name="runScenario" time="37.577"/>
  <testcase classname="org.runner.Runner" name="runScenario" time="11.193"/>
  <testcase classname="org.runner.Runner" name="runScenario" time="12.336"/>
  <testcase classname="org.runner.Runner" name="runScenario" time="15.233"/>
  <testcase classname="org.runner.Runner" name="runScenario" time="31.045"/>
</testsuite> <!-- org.runner.Runner -->
